<?xml version="1.0" encoding="UTF-8"?>
<!-- Generated by org.testng.reporters.JUnitXMLReporter -->
<testsuite ignored="0" hostname="DESKTOP-LJP9OGR" failures="2" tests="2" name="Test" time="2.184" errors="0" timestamp="2022-07-26T21:25:09 IST">
  <testcase classname="Test.Sample" name="Hello" time="2.072">
    <failure type="org.testng.internal.thread.ThreadTimeoutException" message="Method Test.Sample.Hello() didn&amp;apos;t finish within the time-out 2000">
      <![CDATA[org.testng.internal.thread.ThreadTimeoutException: Method Test.Sample.Hello() didn't finish within the time-out 2000
at java.base@17.0.3.1/java.lang.Thread.sleep(Native Method)
at app//Test.Sample.Hello(Sample.java:22)
at java.base@17.0.3.1/java.util.concurrent.FutureTask.run(FutureTask.java:264)
at java.base@17.0.3.1/java.util.concurrent.ThreadPoolExecutor.runWorker(ThreadPoolExecutor.java:1136)
at java.base@17.0.3.1/java.util.concurrent.ThreadPoolExecutor$Worker.run(ThreadPoolExecutor.java:635)
at java.base@17.0.3.1/java.lang.Thread.run(Thread.java:833)
... Removed 8 stack frames]]>
    </failure>
  </testcase> <!-- Hello -->
  <testcase classname="Test.Sample" name="Hello" time="2.122">
    <failure type="java.lang.NullPointerException" message="Cannot invoke &amp;quot;org.openqa.selenium.TakesScreenshot.getScreenshotAs(org.openqa.selenium.OutputType)&amp;quot; because &amp;quot;ts&amp;quot; is null">
      <![CDATA[java.lang.NullPointerException: Cannot invoke "org.openqa.selenium.TakesScreenshot.getScreenshotAs(org.openqa.selenium.OutputType)" because "ts" is null
at utility.takeScreenShot.takeScreenShot(takeScreenShot.java:19)
at Test.Listener.onTestFailure(Listener.java:27)
at java.base/java.util.ArrayList.forEach(ArrayList.java:1511)
... Removed 25 stack frames]]>
    </failure>
  </testcase> <!-- Hello -->
</testsuite> <!-- Test -->
