<?xml version="1.0" encoding="UTF-8"?>
<testng-results ignored="0" total="1" passed="1" failed="0" skipped="0">
  <reporter-output>
  </reporter-output>
  <suite started-at="2022-07-27T20:14:59 IST" name="Default suite" finished-at="2022-07-27T20:15:15 IST" duration-ms="15045">
    <groups>
    </groups>
    <test started-at="2022-07-27T20:14:59 IST" name="Default test" finished-at="2022-07-27T20:15:15 IST" duration-ms="15045">
      <class name="Test.ActionPerformBuy">
        <test-method is-config="true" signature="loginToZerodha()[pri:0, instance:Test.ActionPerformBuy@436813f3]" started-at="2022-07-27T20:15:00 IST" name="loginToZerodha" finished-at="2022-07-27T20:15:10 IST" duration-ms="10847" status="PASS">
          <reporter-output>
          </reporter-output>
        </test-method> <!-- loginToZerodha -->
        <test-method signature="searchStockAndClickOnBuy()[pri:0, instance:Test.ActionPerformBuy@436813f3]" started-at="2022-07-27T20:15:10 IST" name="searchStockAndClickOnBuy" finished-at="2022-07-27T20:15:15 IST" duration-ms="4062" status="PASS">
          <reporter-output>
          </reporter-output>
        </test-method> <!-- searchStockAndClickOnBuy -->
      </class> <!-- Test.ActionPerformBuy -->
    </test> <!-- Default test -->
  </suite> <!-- Default suite -->
</testng-results>
